<?xml version="1.0" encoding="UTF-8"?>
<testsuite xmlns:xsi="http://www.w3.org/2001/XMLSchema-instance" xsi:noNamespaceSchemaLocation="https://maven.apache.org/surefire/maven-surefire-plugin/xsd/surefire-test-report.xsd" version="3.0.2" name="com.ceyharvest.ceyharvest.CeyharvestApplicationTests" time="9.289" tests="1" errors="0" skipped="0" failures="0">
  <properties>
[...]
</properties>
  <testcase name="contextLoads" classname="com.ceyharvest.ceyharvest.CeyharvestApplicationTests" time="1.485">
    <system-out><![CDATA[11:40:36.956 [main] INFO org.springframework.test.context.support.AnnotationConfigContextLoaderUtils -- Could not detect default configuration classes for test class [com.ceyharvest.ceyharvest.CeyharvestApplicationTests]: CeyharvestApplicationTests does not declare any static, non-private, non-final, nested classes annotated with @Configuration.
11:40:37.291 [main] INFO org.springframework.boot.test.context.SpringBootTestContextBootstrapper -- Found @SpringBootConfiguration com.ceyharvest.ceyharvest.CeyharvestApplication for test class com.ceyharvest.ceyharvest.CeyharvestApplicationTests
11:40:37.763 [main] INFO org.springframework.boot.devtools.restart.RestartApplicationListener -- Restart disabled due to context in which it is running

  .   ____          _            __ _ _
 /\\ / ___'_ __ _ _(_)_ __  __ _ \ \ \ \
( ( )\___ | '_ | '_| | '_ \/ _` | \ \ \ \
 \\/  ___)| |_)| | | | | || (_| |  ) ) ) )
  '  |____| .__|_| |_|_| |_\__, | / / / /
 =========|_|==============|___/=/_/_/_/

 :: Spring Boot ::                (v3.5.3)

2025-07-17T11:40:38.745+05:30  INFO 4476 --- [ceyharvest] [           main] c.c.c.CeyharvestApplicationTests         : Starting CeyharvestApplicationTests using Java 22.0.1 with PID 4476 (started by damith in C:\Users\starg\Downloads\CeyHavest\CeyHarvest)
2025-07-17T11:40:38.749+05:30  INFO 4476 --- [ceyharvest] [           main] c.c.c.CeyharvestApplicationTests         : No active profile set, falling back to 1 default profile: "default"
2025-07-17T11:40:40.272+05:30  INFO 4476 --- [ceyharvest] [           main] .s.d.r.c.RepositoryConfigurationDelegate : Bootstrapping Spring Data MongoDB repositories in DEFAULT mode.
2025-07-17T11:40:40.451+05:30  INFO 4476 --- [ceyharvest] [           main] .s.d.r.c.RepositoryConfigurationDelegate : Finished Spring Data repository scanning in 163 ms. Found 6 MongoDB repository interfaces.
2025-07-17T11:40:41.603+05:30  INFO 4476 --- [ceyharvest] [pgp.mongodb.net] org.mongodb.driver.cluster               : Adding discovered server cluster0-shard-00-02.papgp.mongodb.net:27017 to client view of cluster
2025-07-17T11:40:41.659+05:30  INFO 4476 --- [ceyharvest] [           main] org.mongodb.driver.client                : MongoClient with metadata {"driver": {"name": "mongo-java-driver|sync|spring-boot", "version": "5.5.1"}, "os": {"type": "Windows", "name": "Windows 11", "architecture": "amd64", "version": "10.0"}, "platform": "Java/Oracle Corporation/22.0.1+8-16"} created with settings MongoClientSettings{readPreference=primary, writeConcern=WriteConcern{w=majority, wTimeout=null ms, journal=null}, retryWrites=true, retryReads=true, readConcern=ReadConcern{level=null}, credential=MongoCredential{mechanism=null, userName='damchandrathilake', source='admin', password=<hidden>, mechanismProperties=<hidden>}, transportSettings=null, commandListeners=[], codecRegistry=ProvidersCodecRegistry{codecProviders=[ValueCodecProvider{}, BsonValueCodecProvider{}, DBRefCodecProvider{}, DBObjectCodecProvider{}, DocumentCodecProvider{}, CollectionCodecProvider{}, IterableCodecProvider{}, MapCodecProvider{}, GeoJsonCodecProvider{}, GridFSFileCodecProvider{}, Jsr310CodecProvider{}, JsonObjectCodecProvider{}, BsonCodecProvider{}, EnumCodecProvider{}, com.mongodb.client.model.mql.ExpressionCodecProvider@53f0d09c, com.mongodb.Jep395RecordCodecProvider@47acd13b, com.mongodb.KotlinCodecProvider@6f8e9d06]}, loggerSettings=LoggerSettings{maxDocumentLength=1000}, clusterSettings={hosts=[127.0.0.1:27017], srvHost=cluster0.papgp.mongodb.net, srvServiceName=mongodb, mode=MULTIPLE, requiredClusterType=REPLICA_SET, requiredReplicaSetName='atlas-xd2o9i-shard-0', serverSelector='null', clusterListeners='[]', serverSelectionTimeout='30000 ms', localThreshold='15 ms'}, socketSettings=SocketSettings{connectTimeoutMS=10000, readTimeoutMS=0, receiveBufferSize=0, proxySettings=ProxySettings{host=null, port=null, username=null, password=null}}, heartbeatSocketSettings=SocketSettings{connectTimeoutMS=10000, readTimeoutMS=10000, receiveBufferSize=0, proxySettings=ProxySettings{host=null, port=null, username=null, password=null}}, connectionPoolSettings=ConnectionPoolSettings{maxSize=100, minSize=0, maxWaitTimeMS=120000, maxConnectionLifeTimeMS=0, maxConnectionIdleTimeMS=0, maintenanceInitialDelayMS=0, maintenanceFrequencyMS=60000, connectionPoolListeners=[], maxConnecting=2}, serverSettings=ServerSettings{heartbeatFrequencyMS=10000, minHeartbeatFrequencyMS=500, serverMonitoringMode=AUTO, serverListeners='[]', serverMonitorListeners='[]'}, sslSettings=SslSettings{enabled=true, invalidHostNameAllowed=false, context=null}, applicationName='null', compressorList=[], uuidRepresentation=JAVA_LEGACY, serverApi=null, autoEncryptionSettings=null, dnsClient=null, inetAddressResolver=null, contextProvider=null, timeoutMS=null}
2025-07-17T11:40:41.675+05:30  INFO 4476 --- [ceyharvest] [pgp.mongodb.net] org.mongodb.driver.cluster               : Adding discovered server cluster0-shard-00-01.papgp.mongodb.net:27017 to client view of cluster
2025-07-17T11:40:41.683+05:30  INFO 4476 --- [ceyharvest] [pgp.mongodb.net] org.mongodb.driver.cluster               : Adding discovered server cluster0-shard-00-00.papgp.mongodb.net:27017 to client view of cluster
2025-07-17T11:40:43.000+05:30  INFO 4476 --- [ceyharvest] [ngodb.net:27017] org.mongodb.driver.cluster               : Monitor thread successfully connected to server with description ServerDescription{address=cluster0-shard-00-01.papgp.mongodb.net:27017, type=REPLICA_SET_SECONDARY, cryptd=false, state=CONNECTED, ok=true, minWireVersion=0, maxWireVersion=25, maxDocumentSize=16777216, logicalSessionTimeoutMinutes=30, roundTripTimeNanos=720328400, minRoundTripTimeNanos=0, setName='atlas-xd2o9i-shard-0', canonicalAddress=cluster0-shard-00-01.papgp.mongodb.net:27017, hosts=[cluster0-shard-00-02.papgp.mongodb.net:27017, cluster0-shard-00-01.papgp.mongodb.net:27017, cluster0-shard-00-00.papgp.mongodb.net:27017], passives=[], arbiters=[], primary='cluster0-shard-00-02.papgp.mongodb.net:27017', tagSet=TagSet{[Tag{name='availabilityZone', value='aps1-az3'}, Tag{name='diskState', value='READY'}, Tag{name='nodeType', value='ELECTABLE'}, Tag{name='provider', value='AWS'}, Tag{name='region', value='AP_SOUTH_1'}, Tag{name='workloadType', value='OPERATIONAL'}]}, electionId=null, setVersion=46, topologyVersion=TopologyVersion{processId=68701ea40987ebc8fdc63de1, counter=3}, lastWriteDate=Thu Jul 17 11:40:42 IST 2025, lastUpdateTimeNanos=485351714758000}
2025-07-17T11:40:43.000+05:30  INFO 4476 --- [ceyharvest] [ngodb.net:27017] org.mongodb.driver.cluster               : Monitor thread successfully connected to server with description ServerDescription{address=cluster0-shard-00-00.papgp.mongodb.net:27017, type=REPLICA_SET_SECONDARY, cryptd=false, state=CONNECTED, ok=true, minWireVersion=0, maxWireVersion=25, maxDocumentSize=16777216, logicalSessionTimeoutMinutes=30, roundTripTimeNanos=720319600, minRoundTripTimeNanos=0, setName='atlas-xd2o9i-shard-0', canonicalAddress=cluster0-shard-00-00.papgp.mongodb.net:27017, hosts=[cluster0-shard-00-02.papgp.mongodb.net:27017, cluster0-shard-00-01.papgp.mongodb.net:27017, cluster0-shard-00-00.papgp.mongodb.net:27017], passives=[], arbiters=[], primary='cluster0-shard-00-02.papgp.mongodb.net:27017', tagSet=TagSet{[Tag{name='availabilityZone', value='aps1-az1'}, Tag{name='diskState', value='READY'}, Tag{name='nodeType', value='ELECTABLE'}, Tag{name='provider', value='AWS'}, Tag{name='region', value='AP_SOUTH_1'}, Tag{name='workloadType', value='OPERATIONAL'}]}, electionId=null, setVersion=46, topologyVersion=TopologyVersion{processId=68701e24ae3eb6188146179d, counter=4}, lastWriteDate=Thu Jul 17 11:40:42 IST 2025, lastUpdateTimeNanos=485351714758000}
2025-07-17T11:40:43.000+05:30  INFO 4476 --- [ceyharvest] [ngodb.net:27017] org.mongodb.driver.cluster               : Monitor thread successfully connected to server with description ServerDescription{address=cluster0-shard-00-02.papgp.mongodb.net:27017, type=REPLICA_SET_PRIMARY, cryptd=false, state=CONNECTED, ok=true, minWireVersion=0, maxWireVersion=25, maxDocumentSize=16777216, logicalSessionTimeoutMinutes=30, roundTripTimeNanos=720329500, minRoundTripTimeNanos=0, setName='atlas-xd2o9i-shard-0', canonicalAddress=cluster0-shard-00-02.papgp.mongodb.net:27017, hosts=[cluster0-shard-00-02.papgp.mongodb.net:27017, cluster0-shard-00-01.papgp.mongodb.net:27017, cluster0-shard-00-00.papgp.mongodb.net:27017], passives=[], arbiters=[], primary='cluster0-shard-00-02.papgp.mongodb.net:27017', tagSet=TagSet{[Tag{name='availabilityZone', value='aps1-az2'}, Tag{name='diskState', value='READY'}, Tag{name='nodeType', value='ELECTABLE'}, Tag{name='provider', value='AWS'}, Tag{name='region', value='AP_SOUTH_1'}, Tag{name='workloadType', value='OPERATIONAL'}]}, electionId=7fffffff000000000000007a, setVersion=46, topologyVersion=TopologyVersion{processId=68701e64151731225094fa68, counter=6}, lastWriteDate=Thu Jul 17 11:40:42 IST 2025, lastUpdateTimeNanos=485351714758000}
2025-07-17T11:40:43.012+05:30  INFO 4476 --- [ceyharvest] [ngodb.net:27017] org.mongodb.driver.cluster               : Discovered replica set primary cluster0-shard-00-02.papgp.mongodb.net:27017 with max election id 7fffffff000000000000007a and max set version 46
2025-07-17T11:40:44.310+05:30  INFO 4476 --- [ceyharvest] [           main] c.c.c.CeyharvestApplicationTests         : Started CeyharvestApplicationTests in 6.588 seconds (process running for 8.885)
]]></system-out>
    <system-err><![CDATA[Mockito is currently self-attaching to enable the inline-mock-maker. This will no longer work in future releases of the JDK. Please add Mockito as an agent to your build as described in Mockito's documentation: https://javadoc.io/doc/org.mockito/mockito-core/latest/org.mockito/org/mockito/Mockito.html#0.3
WARNING: A Java agent has been loaded dynamically (C:\Users\starg\.m2\repository\net\bytebuddy\byte-buddy-agent\1.17.6\byte-buddy-agent-1.17.6.jar)
WARNING: If a serviceability tool is in use, please run with -XX:+EnableDynamicAgentLoading to hide this warning
WARNING: If a serviceability tool is not in use, please run with -Djdk.instrument.traceUsage for more information
WARNING: Dynamic loading of agents will be disallowed by default in a future release
]]></system-err>
  </testcase>
</testsuite>